2025-04-19 17:36:27 - Prüfe Umgebung...
2025-04-19 17:36:27 - Prüfe Docker-Installation...
2025-04-19 17:36:32 - Docker ist korrekt installiert und läuft.
2025-04-19 17:36:32 - Prüfe Docker Compose-Installation...
2025-04-19 17:36:32 - Docker Compose ist korrekt installiert.
2025-04-19 17:36:32 - Prüfe Nextcloud-Verbindung...
2025-04-19 17:36:46 - Nextcloud-URL ist erreichbar.
[0;31mFEHLER: Konnte Nextcloud-Version nicht ermitteln. Ist die URL korrekt?[0m
2025-04-19 17:37:58 - Führe vollständige Installation durch...
2025-04-19 17:37:58 - Prüfe Umgebung...
2025-04-19 17:37:58 - Prüfe Docker-Installation...
2025-04-19 17:37:58 - Docker ist korrekt installiert und läuft.
2025-04-19 17:37:58 - Prüfe Docker Compose-Installation...
2025-04-19 17:37:58 - Docker Compose ist korrekt installiert.
2025-04-19 17:37:58 - Prüfe Nextcloud-Verbindung...
2025-04-19 17:37:58 - Nextcloud-URL ist erreichbar.
[0;31mFEHLER: Konnte Nextcloud-Version nicht ermitteln. Ist die URL korrekt?[0m
2025-04-19 17:40:09 - Prüfe Docker-Installation...
2025-04-19 17:40:09 - Docker ist korrekt installiert und läuft.
2025-04-19 17:40:09 - Prüfe Docker Compose-Installation...
2025-04-19 17:40:09 - Docker Compose ist korrekt installiert.
2025-04-19 17:40:09 - Prüfe Nextcloud-Verbindung...
2025-04-19 17:40:09 - Nextcloud-URL ist erreichbar.
[0;31mFEHLER: Konnte Nextcloud-Version nicht ermitteln. Ist die URL korrekt?[0m
2025-04-19 17:40:44 - Konfiguriere Docker-Netzwerk für Nextcloud-Integration...
[0;31mFEHLER: Konnte das Docker-Netzwerk des Nextcloud-Containers nicht ermitteln.[0m
2025-04-19 23:07:18 - Prüfe Docker-Installation...
2025-04-19 23:07:18 - Docker ist korrekt installiert und läuft.
2025-04-19 23:07:18 - Prüfe Docker Compose-Installation...
2025-04-19 23:07:18 - Docker Compose ist korrekt installiert.
2025-04-19 23:07:18 - Prüfe Nextcloud-Verbindung...
2025-04-19 23:07:18 - Nextcloud-URL ist erreichbar.
2025-04-19 23:07:19 - Nextcloud-Version 31.0.2.1 ist kompatibel.
2025-04-19 23:07:19 - Prüfe Cloud-Py-Api-Installation...
[0;31mFEHLER: Cloud-Py-Api ist nicht in Nextcloud installiert. Bitte installieren Sie die App aus dem Nextcloud App Store.[0m
2025-04-19 23:08:00 - Prüfe Docker-Installation...
2025-04-19 23:08:00 - Docker ist korrekt installiert und läuft.
2025-04-19 23:08:00 - Prüfe Docker Compose-Installation...
2025-04-19 23:08:00 - Docker Compose ist korrekt installiert.
2025-04-19 23:08:00 - Prüfe Nextcloud-Verbindung...
2025-04-19 23:08:00 - Nextcloud-URL ist erreichbar.
2025-04-19 23:08:01 - Nextcloud-Version 31.0.2.1 ist kompatibel.
2025-04-19 23:08:01 - Prüfe Cloud-Py-Api-Installation...
[0;31mFEHLER: Cloud-Py-Api ist installiert, aber nicht aktiviert. Bitte aktivieren Sie die App in Nextcloud.[0m
2025-04-19 23:08:25 - Prüfe Docker-Installation...
2025-04-19 23:08:25 - Docker ist korrekt installiert und läuft.
2025-04-19 23:08:25 - Prüfe Docker Compose-Installation...
2025-04-19 23:08:25 - Docker Compose ist korrekt installiert.
2025-04-19 23:08:25 - Prüfe Nextcloud-Verbindung...
2025-04-19 23:08:25 - Nextcloud-URL ist erreichbar.
2025-04-19 23:08:25 - Nextcloud-Version 31.0.2.1 ist kompatibel.
2025-04-19 23:08:25 - Prüfe Cloud-Py-Api-Installation...
2025-04-19 23:08:27 - Cloud-Py-Api ist installiert und aktiviert.
2025-04-20 12:22:00 - Prüfe Umgebung...
2025-04-20 12:22:00 - Prüfe Docker-Installation...
2025-04-20 12:22:01 - Docker ist korrekt installiert und läuft.
2025-04-20 12:22:01 - Prüfe Docker Compose-Installation...
2025-04-20 12:22:01 - Docker Compose ist korrekt installiert.
2025-04-20 12:22:01 - Prüfe Nextcloud-Verbindung...
2025-04-20 12:22:01 - Nextcloud-URL ist erreichbar.
[0;31mFEHLER: Konnte Nextcloud-Version nicht ermitteln. Ist die URL korrekt?[0m
2025-04-20 12:26:36 - Prüfe Umgebung...
2025-04-20 12:26:36 - Prüfe Docker-Installation...
2025-04-20 12:26:36 - Docker ist korrekt installiert und läuft.
2025-04-20 12:26:36 - Prüfe Docker Compose-Installation...
2025-04-20 12:26:36 - Docker Compose ist korrekt installiert.
2025-04-20 12:26:36 - Prüfe Nextcloud-Verbindung...
2025-04-20 12:26:36 - Nextcloud-URL ist erreichbar.
[0;31mFEHLER: Konnte Nextcloud-Version nicht ermitteln. Ist die URL korrekt?[0m
2025-04-20 12:27:37 - Führe vollständige Installation durch...
2025-04-20 12:27:38 - Prüfe Umgebung...
2025-04-20 12:27:38 - Prüfe Docker-Installation...
2025-04-20 12:27:38 - Docker ist korrekt installiert und läuft.
2025-04-20 12:27:38 - Prüfe Docker Compose-Installation...
2025-04-20 12:27:38 - Docker Compose ist korrekt installiert.
2025-04-20 12:27:38 - Prüfe Nextcloud-Verbindung...
2025-04-20 12:27:38 - Nextcloud-URL ist erreichbar.
[0;31mFEHLER: Konnte Nextcloud-Version nicht ermitteln. Ist die URL korrekt?[0m
